# DO NOT EDIT THIS FILE. IT HAS BEEN AUTOMATICALLY GENERATED.
# This file contains the list of files installed by MCEF.
# If you remove MCEF, they are no longer needed and you can safely remove them,
# or you can let the uninstaller do it for you. Just run the MCEF mod jar using Java.

chrome_elf.dll
d3dcompiler_47.dll
jcef.dll
jcef_helper.exe
libcef.dll
libEGL.dll
libGLESv2.dll
swiftshader/libEGL.dll
swiftshader/libGLESv2.dll
v8_context_snapshot.bin
snapshot_blob.bin
locales.zip
cef.pak
cef_100_percent.pak
cef_200_percent.pak
cef_extensions.pak
devtools_resources.pak
icudtl.dat
natives_blob.bin
